OffersNear/app/build/intermediates/manifest_merge_blame_file/debug/manifest-merger-blame-debug-report.txt
1<?xml version="1.0" encoding="utf-8"?>
2<manifest xmlns:android="http://schemas.android.com/apk/res/android"
3    package="com.example.offersnear"
4    android:versionCode="1"
5    android:versionName="1.0" >
6
7    <uses-sdk
8        android:minSdkVersion="24"
8-->src/main/AndroidManifest.xml
9        android:targetSdkVersion="33" />
9-->src/main/AndroidManifest.xml
10
11    <uses-permission android:name="android.permission.INTERNET" />
11-->[com.google.firebase:firebase-auth:21.1.0] AndroidManifest.xml:23:5-67
11-->[com.google.firebase:firebase-auth:21.1.0] AndroidManifest.xml:23:22-64
12    <uses-permission android:name="android.permission.ACCESS_NETWORK_STATE" />
12-->[com.google.firebase:firebase-auth:21.1.0] AndroidManifest.xml:24:5-79
12-->[com.google.firebase:firebase-auth:21.1.0] AndroidManifest.xml:24:22-76
13
14    <uses-feature
14-->[com.google.android.gms:play-services-maps:18.1.0] AndroidManifest.xml:26:5-28:35
15        android:glEsVersion="0x00020000"
15-->[com.google.android.gms:play-services-maps:18.1.0] AndroidManifest.xml:27:9-41
16        android:required="true" />
16-->[com.google.android.gms:play-services-maps:18.1.0] AndroidManifest.xml:28:9-32
17
18    <queries>
18-->[com.google.android.gms:play-services-maps:18.1.0] AndroidManifest.xml:30:5-34:15
19
20        <!-- Needs to be explicitly declared on Android R+ -->
21        <package android:name="com.google.android.apps.maps" />
21-->[com.google.android.gms:play-services-maps:18.1.0] AndroidManifest.xml:33:9-64
21-->[com.google.android.gms:play-services-maps:18.1.0] AndroidManifest.xml:33:18-61
22    </queries>
23
24    <permission
24-->[androidx.core:core:1.9.0] AndroidManifest.xml:22:5-24:47
25        android:name="com.example.offersnear.DYNAMIC_RECEIVER_NOT_EXPORTED_PERMISSION"
25-->[androidx.core:core:1.9.0] AndroidManifest.xml:23:9-81
26        android:protectionLevel="signature" />
26-->[androidx.core:core:1.9.0] AndroidManifest.xml:24:9-44
27
28    <uses-permission android:name="com.example.offersnear.DYNAMIC_RECEIVER_NOT_EXPORTED_PERMISSION" />
28-->[androidx.core:core:1.9.0] AndroidManifest.xml:26:5-97
28-->[androidx.core:core:1.9.0] AndroidManifest.xml:26:22-94
29
30    <application
30-->src/main/AndroidManifest.xml:5:5-52:19
31        android:allowBackup="true"
31-->src/main/AndroidManifest.xml:6:9-35
32        android:appComponentFactory="androidx.core.app.CoreComponentFactory"
32-->[androidx.core:core:1.9.0] AndroidManifest.xml:28:18-86
33        android:dataExtractionRules="@xml/data_extraction_rules"
33-->src/main/AndroidManifest.xml:7:9-65
34        android:debuggable="true"
35        android:extractNativeLibs="false"
36        android:fullBackupContent="@xml/backup_rules"
36-->src/main/AndroidManifest.xml:8:9-54
37        android:icon="@mipmap/ic_launcher"
37-->src/main/AndroidManifest.xml:9:9-43
38        android:label="@string/app_name"
38-->src/main/AndroidManifest.xml:10:9-41
39        android:supportsRtl="true"
39-->src/main/AndroidManifest.xml:11:9-35
40        android:theme="@style/Theme.OffersNear" >
40-->src/main/AndroidManifest.xml:12:9-48
41
42        <!--
43             TODO: Before you run your application, you need a Google Maps API key.
44
45             To get one, follow the directions here:
46
47                https://developers.google.com/maps/documentation/android-sdk/get-api-key
48
49             Once you have your API key (it starts with "AIza"), define a new property in your
50             project's local.properties file (e.g. MAPS_API_KEY=Aiza...), and replace the
51             "YOUR_API_KEY" string in this file with "${MAPS_API_KEY}".
52        -->
53        <meta-data
53-->src/main/AndroidManifest.xml:26:9-28:71
54            android:name="com.google.android.geo.API_KEY"
54-->src/main/AndroidManifest.xml:27:13-58
55            android:value="AIzaSyCFXAx9XKW3ULO1vaPt4TNb2aQdki0cbYE" />
55-->src/main/AndroidManifest.xml:28:13-68
56
57        <activity
57-->src/main/AndroidManifest.xml:30:9-33:59
58            android:name="com.example.offersnear.MapsActivity"
58-->src/main/AndroidManifest.xml:31:13-41
59            android:exported="false"
59-->src/main/AndroidManifest.xml:32:13-37
60            android:label="@string/title_activity_maps" />
60-->src/main/AndroidManifest.xml:33:13-56
61        <activity
61-->src/main/AndroidManifest.xml:34:9-36:40
62            android:name="com.example.offersnear.GoogleSignInActvity"
62-->src/main/AndroidManifest.xml:35:13-48
63            android:exported="false" />
63-->src/main/AndroidManifest.xml:36:13-37
64        <activity
64-->src/main/AndroidManifest.xml:37:9-39:40
65            android:name="com.example.offersnear.HomeActivity"
65-->src/main/AndroidManifest.xml:38:13-41
66            android:exported="false" />
66-->src/main/AndroidManifest.xml:39:13-37
67        <activity
67-->src/main/AndroidManifest.xml:40:9-42:40
68            android:name="com.example.offersnear.RegisterActivity"
68-->src/main/AndroidManifest.xml:41:13-45
69            android:exported="false" />
69-->src/main/AndroidManifest.xml:42:13-37
70        <activity
70-->src/main/AndroidManifest.xml:43:9-51:20
71            android:name="com.example.offersnear.MainActivity"
71-->src/main/AndroidManifest.xml:44:13-41
72            android:exported="true" >
72-->src/main/AndroidManifest.xml:45:13-36
73            <intent-filter>
73-->src/main/AndroidManifest.xml:46:13-50:29
74                <action android:name="android.intent.action.MAIN" />
74-->src/main/AndroidManifest.xml:47:17-69
74-->src/main/AndroidManifest.xml:47:25-66
75
76                <category android:name="android.intent.category.LAUNCHER" />
76-->src/main/AndroidManifest.xml:49:17-77
76-->src/main/AndroidManifest.xml:49:27-74
77            </intent-filter>
78        </activity>
79        <activity
79-->[com.google.firebase:firebase-auth:21.1.0] AndroidManifest.xml:27:9-44:20
80            android:name="com.google.firebase.auth.internal.GenericIdpActivity"
80-->[com.google.firebase:firebase-auth:21.1.0] AndroidManifest.xml:28:13-80
81            android:excludeFromRecents="true"
81-->[com.google.firebase:firebase-auth:21.1.0] AndroidManifest.xml:29:13-46
82            android:exported="true"
82-->[com.google.firebase:firebase-auth:21.1.0] AndroidManifest.xml:30:13-36
83            android:launchMode="singleTask"
83-->[com.google.firebase:firebase-auth:21.1.0] AndroidManifest.xml:31:13-44
84            android:theme="@android:style/Theme.Translucent.NoTitleBar" >
84-->[com.google.firebase:firebase-auth:21.1.0] AndroidManifest.xml:32:13-72
85            <intent-filter>
85-->[com.google.firebase:firebase-auth:21.1.0] AndroidManifest.xml:33:13-43:29
86                <action android:name="android.intent.action.VIEW" />
86-->[com.google.firebase:firebase-auth:21.1.0] AndroidManifest.xml:34:17-69
86-->[com.google.firebase:firebase-auth:21.1.0] AndroidManifest.xml:34:25-66
87
88                <category android:name="android.intent.category.DEFAULT" />
88-->[com.google.firebase:firebase-auth:21.1.0] AndroidManifest.xml:36:17-76
88-->[com.google.firebase:firebase-auth:21.1.0] AndroidManifest.xml:36:27-73
89                <category android:name="android.intent.category.BROWSABLE" />
89-->[com.google.firebase:firebase-auth:21.1.0] AndroidManifest.xml:37:17-78
89-->[com.google.firebase:firebase-auth:21.1.0] AndroidManifest.xml:37:27-75
90
91                <data
91-->[com.google.firebase:firebase-auth:21.1.0] AndroidManifest.xml:39:17-42:51
92                    android:host="firebase.auth"
92-->[com.google.firebase:firebase-auth:21.1.0] AndroidManifest.xml:40:21-49
93                    android:path="/"
93-->[com.google.firebase:firebase-auth:21.1.0] AndroidManifest.xml:41:21-37
94                    android:scheme="genericidp" />
94-->[com.google.firebase:firebase-auth:21.1.0] AndroidManifest.xml:42:21-48
95            </intent-filter>
96        </activity>
97        <activity
97-->[com.google.firebase:firebase-auth:21.1.0] AndroidManifest.xml:45:9-62:20
98            android:name="com.google.firebase.auth.internal.RecaptchaActivity"
98-->[com.google.firebase:firebase-auth:21.1.0] AndroidManifest.xml:46:13-79
99            android:excludeFromRecents="true"
99-->[com.google.firebase:firebase-auth:21.1.0] AndroidManifest.xml:47:13-46
100            android:exported="true"
100-->[com.google.firebase:firebase-auth:21.1.0] AndroidManifest.xml:48:13-36
101            android:launchMode="singleTask"
101-->[com.google.firebase:firebase-auth:21.1.0] AndroidManifest.xml:49:13-44
102            android:theme="@android:style/Theme.Translucent.NoTitleBar" >
102-->[com.google.firebase:firebase-auth:21.1.0] AndroidManifest.xml:50:13-72
103            <intent-filter>
103-->[com.google.firebase:firebase-auth:21.1.0] AndroidManifest.xml:51:13-61:29
104                <action android:name="android.intent.action.VIEW" />
104-->[com.google.firebase:firebase-auth:21.1.0] AndroidManifest.xml:34:17-69
104-->[com.google.firebase:firebase-auth:21.1.0] AndroidManifest.xml:34:25-66
105
106                <category android:name="android.intent.category.DEFAULT" />
106-->[com.google.firebase:firebase-auth:21.1.0] AndroidManifest.xml:36:17-76
106-->[com.google.firebase:firebase-auth:21.1.0] AndroidManifest.xml:36:27-73
107                <category android:name="android.intent.category.BROWSABLE" />
107-->[com.google.firebase:firebase-auth:21.1.0] AndroidManifest.xml:37:17-78
107-->[com.google.firebase:firebase-auth:21.1.0] AndroidManifest.xml:37:27-75
108
109                <data
109-->[com.google.firebase:firebase-auth:21.1.0] AndroidManifest.xml:39:17-42:51
110                    android:host="firebase.auth"
110-->[com.google.firebase:firebase-auth:21.1.0] AndroidManifest.xml:40:21-49
111                    android:path="/"
111-->[com.google.firebase:firebase-auth:21.1.0] AndroidManifest.xml:41:21-37
112                    android:scheme="recaptcha" />
112-->[com.google.firebase:firebase-auth:21.1.0] AndroidManifest.xml:42:21-48
113            </intent-filter>
114        </activity>
115
116        <service
116-->[com.google.firebase:firebase-auth:21.1.0] AndroidManifest.xml:64:9-70:19
117            android:name="com.google.firebase.components.ComponentDiscoveryService"
117-->[com.google.firebase:firebase-auth:21.1.0] AndroidManifest.xml:65:13-84
118            android:directBootAware="true"
118-->[com.google.firebase:firebase-common:20.3.0] AndroidManifest.xml:34:13-43
119            android:exported="false" >
119-->[com.google.firebase:firebase-auth:21.1.0] AndroidManifest.xml:66:13-37
120            <meta-data
120-->[com.google.firebase:firebase-auth:21.1.0] AndroidManifest.xml:67:13-69:85
121                android:name="com.google.firebase.components:com.google.firebase.auth.FirebaseAuthRegistrar"
121-->[com.google.firebase:firebase-auth:21.1.0] AndroidManifest.xml:68:17-109
122                android:value="com.google.firebase.components.ComponentRegistrar" />
122-->[com.google.firebase:firebase-auth:21.1.0] AndroidManifest.xml:69:17-82
123        </service> <!-- Needs to be explicitly declared on P+ -->
124        <uses-library
124-->[com.google.android.gms:play-services-maps:18.1.0] AndroidManifest.xml:39:9-41:40
125            android:name="org.apache.http.legacy"
125-->[com.google.android.gms:play-services-maps:18.1.0] AndroidManifest.xml:40:13-50
126            android:required="false" />
126-->[com.google.android.gms:play-services-maps:18.1.0] AndroidManifest.xml:41:13-37
127
128        <activity
128-->[com.google.android.gms:play-services-auth:20.4.1] AndroidManifest.xml:23:9-27:75
129            android:name="com.google.android.gms.auth.api.signin.internal.SignInHubActivity"
129-->[com.google.android.gms:play-services-auth:20.4.1] AndroidManifest.xml:24:13-93
130            android:excludeFromRecents="true"
130-->[com.google.android.gms:play-services-auth:20.4.1] AndroidManifest.xml:25:13-46
131            android:exported="false"
131-->[com.google.android.gms:play-services-auth:20.4.1] AndroidManifest.xml:26:13-37
132            android:theme="@android:style/Theme.Translucent.NoTitleBar" />
132-->[com.google.android.gms:play-services-auth:20.4.1] AndroidManifest.xml:27:13-72
133        <!--
134            Service handling Google Sign-In user revocation. For apps that do not integrate with
135            Google Sign-In, this service will never be started.
136        -->
137        <service
137-->[com.google.android.gms:play-services-auth:20.4.1] AndroidManifest.xml:33:9-37:51
138            android:name="com.google.android.gms.auth.api.signin.RevocationBoundService"
138-->[com.google.android.gms:play-services-auth:20.4.1] AndroidManifest.xml:34:13-89
139            android:exported="true"
139-->[com.google.android.gms:play-services-auth:20.4.1] AndroidManifest.xml:35:13-36
140            android:permission="com.google.android.gms.auth.api.signin.permission.REVOCATION_NOTIFICATION"
140-->[com.google.android.gms:play-services-auth:20.4.1] AndroidManifest.xml:36:13-107
141            android:visibleToInstantApps="true" />
141-->[com.google.android.gms:play-services-auth:20.4.1] AndroidManifest.xml:37:13-48
142
143        <provider
143-->[com.google.firebase:firebase-common:20.3.0] AndroidManifest.xml:25:9-30:39
144            android:name="com.google.firebase.provider.FirebaseInitProvider"
144-->[com.google.firebase:firebase-common:20.3.0] AndroidManifest.xml:26:13-77
145            android:authorities="com.example.offersnear.firebaseinitprovider"
145-->[com.google.firebase:firebase-common:20.3.0] AndroidManifest.xml:27:13-72
146            android:directBootAware="true"
146-->[com.google.firebase:firebase-common:20.3.0] AndroidManifest.xml:28:13-43
147            android:exported="false"
147-->[com.google.firebase:firebase-common:20.3.0] AndroidManifest.xml:29:13-37
148            android:initOrder="100" />
148-->[com.google.firebase:firebase-common:20.3.0] AndroidManifest.xml:30:13-36
149
150        <activity
150-->[com.google.android.gms:play-services-base:18.0.1] AndroidManifest.xml:20:9-22:45
151            android:name="com.google.android.gms.common.api.GoogleApiActivity"
151-->[com.google.android.gms:play-services-base:18.0.1] AndroidManifest.xml:20:19-85
152            android:exported="false"
152-->[com.google.android.gms:play-services-base:18.0.1] AndroidManifest.xml:22:19-43
153            android:theme="@android:style/Theme.Translucent.NoTitleBar" />
153-->[com.google.android.gms:play-services-base:18.0.1] AndroidManifest.xml:21:19-78
154
155        <meta-data
155-->[com.google.android.gms:play-services-basement:18.1.0] AndroidManifest.xml:21:9-23:69
156            android:name="com.google.android.gms.version"
156-->[com.google.android.gms:play-services-basement:18.1.0] AndroidManifest.xml:22:13-58
157            android:value="@integer/google_play_services_version" />
157-->[com.google.android.gms:play-services-basement:18.1.0] AndroidManifest.xml:23:13-66
158
159        <provider
159-->[androidx.emoji2:emoji2:1.2.0] AndroidManifest.xml:24:9-32:20
160            android:name="androidx.startup.InitializationProvider"
160-->[androidx.emoji2:emoji2:1.2.0] AndroidManifest.xml:25:13-67
161            android:authorities="com.example.offersnear.androidx-startup"
161-->[androidx.emoji2:emoji2:1.2.0] AndroidManifest.xml:26:13-68
162            android:exported="false" >
162-->[androidx.emoji2:emoji2:1.2.0] AndroidManifest.xml:27:13-37
163            <meta-data
163-->[androidx.emoji2:emoji2:1.2.0] AndroidManifest.xml:29:13-31:52
164                android:name="androidx.emoji2.text.EmojiCompatInitializer"
164-->[androidx.emoji2:emoji2:1.2.0] AndroidManifest.xml:30:17-75
165                android:value="androidx.startup" />
165-->[androidx.emoji2:emoji2:1.2.0] AndroidManifest.xml:31:17-49
166            <meta-data
166-->[androidx.lifecycle:lifecycle-process:2.4.1] AndroidManifest.xml:31:13-33:52
167                android:name="androidx.lifecycle.ProcessLifecycleInitializer"
167-->[androidx.lifecycle:lifecycle-process:2.4.1] AndroidManifest.xml:32:17-78
168                android:value="androidx.startup" />
168-->[androidx.lifecycle:lifecycle-process:2.4.1] AndroidManifest.xml:33:17-49
169        </provider>
170    </application>
171
172</manifest>